0 info it worked if it ends with ok
1 verbose cli [ '/usr/bin/node',
1 verbose cli   '/usr/bin/npm',
1 verbose cli   'install',
1 verbose cli   '-g',
1 verbose cli   'less',
1 verbose cli   'uglify-js' ]
2 info using npm@1.4.28
3 info using node@v0.10.37
4 verbose node symlink /usr/bin/node
5 verbose cache add [ 'less', null ]
6 verbose cache add name=undefined spec="less" args=["less",null]
7 verbose parsed url { protocol: null,
7 verbose parsed url   slashes: null,
7 verbose parsed url   auth: null,
7 verbose parsed url   host: null,
7 verbose parsed url   port: null,
7 verbose parsed url   hostname: null,
7 verbose parsed url   hash: null,
7 verbose parsed url   search: null,
7 verbose parsed url   query: null,
7 verbose parsed url   pathname: 'less',
7 verbose parsed url   path: 'less',
7 verbose parsed url   href: 'less' }
8 verbose cache add [ 'uglify-js', null ]
9 verbose cache add name=undefined spec="uglify-js" args=["uglify-js",null]
10 verbose parsed url { protocol: null,
10 verbose parsed url   slashes: null,
10 verbose parsed url   auth: null,
10 verbose parsed url   host: null,
10 verbose parsed url   port: null,
10 verbose parsed url   hostname: null,
10 verbose parsed url   hash: null,
10 verbose parsed url   search: null,
10 verbose parsed url   query: null,
10 verbose parsed url   pathname: 'uglify-js',
10 verbose parsed url   path: 'uglify-js',
10 verbose parsed url   href: 'uglify-js' }
11 silly lockFile 0b439cf4-less less
12 verbose lock less /home/devon/.npm/0b439cf4-less.lock
13 silly lockFile d31cae06-uglify-js uglify-js
14 verbose lock uglify-js /home/devon/.npm/d31cae06-uglify-js.lock
15 silly lockFile 0b439cf4-less less
16 silly lockFile 0b439cf4-less less
17 silly lockFile d31cae06-uglify-js uglify-js
18 silly lockFile d31cae06-uglify-js uglify-js
19 verbose addNamed [ 'less', '' ]
20 verbose addNamed [ null, '*' ]
21 silly lockFile e13833ab-less less@
22 verbose lock less@ /home/devon/.npm/e13833ab-less.lock
23 verbose addNamed [ 'uglify-js', '' ]
24 verbose addNamed [ null, '*' ]
25 silly lockFile 679a1028-uglify-js uglify-js@
26 verbose lock uglify-js@ /home/devon/.npm/679a1028-uglify-js.lock
27 silly addNameRange { name: 'less', range: '*', hasData: false }
28 silly addNameRange { name: 'uglify-js', range: '*', hasData: false }
29 verbose request where is /less
30 verbose request registry https://registry.npmjs.org/
31 verbose request id b8405ffe2374bda3
32 verbose url raw /less
33 verbose url resolving [ 'https://registry.npmjs.org/', './less' ]
34 verbose url resolved https://registry.npmjs.org/less
35 verbose request where is https://registry.npmjs.org/less
36 info trying registry request attempt 1 at 15:29:23
37 http GET https://registry.npmjs.org/less
38 verbose request where is /uglify-js
39 verbose request registry https://registry.npmjs.org/
40 verbose url raw /uglify-js
41 verbose url resolving [ 'https://registry.npmjs.org/', './uglify-js' ]
42 verbose url resolved https://registry.npmjs.org/uglify-js
43 verbose request where is https://registry.npmjs.org/uglify-js
44 info trying registry request attempt 1 at 15:29:23
45 http GET https://registry.npmjs.org/uglify-js
46 http 200 https://registry.npmjs.org/less
47 silly registry.get cb [ 200,
47 silly registry.get   { server: 'CouchDB/1.5.0 (Erlang OTP/R16B03)',
47 silly registry.get     etag: '"AVFI617AD86VA8JV9PQKMY4ZX"',
47 silly registry.get     'content-type': 'application/json',
47 silly registry.get     'cache-control': 'max-age=300',
47 silly registry.get     'content-length': '104251',
47 silly registry.get     'accept-ranges': 'bytes',
47 silly registry.get     date: 'Thu, 24 Mar 2016 19:29:23 GMT',
47 silly registry.get     via: '1.1 varnish',
47 silly registry.get     age: '96',
47 silly registry.get     connection: 'keep-alive',
47 silly registry.get     'x-served-by': 'cache-dfw1847-DFW',
47 silly registry.get     'x-cache': 'HIT',
47 silly registry.get     'x-cache-hits': '1',
47 silly registry.get     'x-timer': 'S1458847763.588828,VS0,VE0',
47 silly registry.get     vary: 'Accept' } ]
48 silly addNameRange number 2 { name: 'less', range: '*', hasData: true }
49 silly addNameRange versions [ 'less',
49 silly addNameRange   [ '1.0.10',
49 silly addNameRange     '1.0.11',
49 silly addNameRange     '1.0.14',
49 silly addNameRange     '1.0.18',
49 silly addNameRange     '1.0.19',
49 silly addNameRange     '1.0.21',
49 silly addNameRange     '1.0.32',
49 silly addNameRange     '1.0.36',
49 silly addNameRange     '1.0.5',
49 silly addNameRange     '1.0.40',
49 silly addNameRange     '1.0.41',
49 silly addNameRange     '1.0.44',
49 silly addNameRange     '1.1.0',
49 silly addNameRange     '1.1.1',
49 silly addNameRange     '1.1.2',
49 silly addNameRange     '1.1.4',
49 silly addNameRange     '1.1.5',
49 silly addNameRange     '1.1.6',
49 silly addNameRange     '1.2.0',
49 silly addNameRange     '1.2.1',
49 silly addNameRange     '1.2.2',
49 silly addNameRange     '1.3.0',
49 silly addNameRange     '1.3.1',
49 silly addNameRange     '1.3.2',
49 silly addNameRange     '1.3.3',
49 silly addNameRange     '1.4.0-b1',
49 silly addNameRange     '1.4.0-b2',
49 silly addNameRange     '1.4.0-b3',
49 silly addNameRange     '1.4.0-b4',
49 silly addNameRange     '1.4.0',
49 silly addNameRange     '1.4.1',
49 silly addNameRange     '1.4.2',
49 silly addNameRange     '1.5.0-b1',
49 silly addNameRange     '1.5.0-b2',
49 silly addNameRange     '1.5.0-b3',
49 silly addNameRange     '1.5.0-b4',
49 silly addNameRange     '1.5.0',
49 silly addNameRange     '1.5.1',
49 silly addNameRange     '1.6.0',
49 silly addNameRange     '1.6.1',
49 silly addNameRange     '1.6.2',
49 silly addNameRange     '1.6.3',
49 silly addNameRange     '1.7.0',
49 silly addNameRange     '1.7.1',
49 silly addNameRange     '1.7.3',
49 silly addNameRange     '1.7.4',
49 silly addNameRange     '1.7.5',
49 silly addNameRange     '2.0.0-b1',
49 silly addNameRange     '2.0.0-b2',
49 silly addNameRange     '2.0.0-b3',
49 silly addNameRange     '2.0.0',
49 silly addNameRange     '2.1.0',
49 silly addNameRange     '2.1.1',
49 silly addNameRange     '2.1.2',
49 silly addNameRange     '2.2.0',
49 silly addNameRange     '2.3.0',
49 silly addNameRange     '2.3.1',
49 silly addNameRange     '2.4.0',
49 silly addNameRange     '2.5.0',
49 silly addNameRange     '2.5.1',
49 silly addNameRange     '2.5.2',
49 silly addNameRange     '2.5.3',
49 silly addNameRange     '2.6.0',
49 silly addNameRange     '2.6.1' ] ]
50 verbose addNamed [ 'less', '2.6.1' ]
51 verbose addNamed [ '2.6.1', '2.6.1' ]
52 silly lockFile 06e2534e-less-2-6-1 less@2.6.1
53 verbose lock less@2.6.1 /home/devon/.npm/06e2534e-less-2-6-1.lock
54 silly lockFile 5095d0b3-ry-npmjs-org-less-less-2-6-1-tgz https://registry.npmjs.org/less/-/less-2.6.1.tgz
55 verbose lock https://registry.npmjs.org/less/-/less-2.6.1.tgz /home/devon/.npm/5095d0b3-ry-npmjs-org-less-less-2-6-1-tgz.lock
56 verbose addRemoteTarball [ 'https://registry.npmjs.org/less/-/less-2.6.1.tgz',
56 verbose addRemoteTarball   '658e01ec9ac3149959c6b6dfbcfbc0a170afda7a' ]
57 http 200 https://registry.npmjs.org/uglify-js
58 silly registry.get cb [ 200,
58 silly registry.get   { server: 'CouchDB/1.5.0 (Erlang OTP/R16B03)',
58 silly registry.get     etag: '"C8NPXB2449NZZSI8FRDCJZT64"',
58 silly registry.get     'content-type': 'application/json',
58 silly registry.get     'cache-control': 'max-age=300',
58 silly registry.get     'content-length': '106086',
58 silly registry.get     'accept-ranges': 'bytes',
58 silly registry.get     date: 'Thu, 24 Mar 2016 19:29:23 GMT',
58 silly registry.get     via: '1.1 varnish',
58 silly registry.get     age: '292',
58 silly registry.get     connection: 'keep-alive',
58 silly registry.get     'x-served-by': 'cache-dfw1840-DFW',
58 silly registry.get     'x-cache': 'HIT',
58 silly registry.get     'x-cache-hits': '17',
58 silly registry.get     'x-timer': 'S1458847763.615450,VS0,VE0',
58 silly registry.get     vary: 'Accept' } ]
59 info retry fetch attempt 1 at 15:29:23
60 verbose fetch to= /tmp/npm-18332-vvatO2FB/registry.npmjs.org/less/-/less-2.6.1.tgz
61 silly addNameRange number 2 { name: 'uglify-js', range: '*', hasData: true }
62 silly addNameRange versions [ 'uglify-js',
62 silly addNameRange   [ '0.0.1',
62 silly addNameRange     '0.0.2',
62 silly addNameRange     '0.0.3',
62 silly addNameRange     '0.0.4',
62 silly addNameRange     '0.0.5',
62 silly addNameRange     '1.0.1',
62 silly addNameRange     '1.0.2',
62 silly addNameRange     '1.0.3',
62 silly addNameRange     '1.0.4',
62 silly addNameRange     '1.0.5',
62 silly addNameRange     '1.0.6',
62 silly addNameRange     '1.0.7',
62 silly addNameRange     '1.1.0',
62 silly addNameRange     '1.1.1',
62 silly addNameRange     '1.2.0',
62 silly addNameRange     '1.2.1',
62 silly addNameRange     '1.2.2',
62 silly addNameRange     '1.2.3',
62 silly addNameRange     '1.2.4',
62 silly addNameRange     '1.2.5',
62 silly addNameRange     '1.2.6',
62 silly addNameRange     '1.3.0',
62 silly addNameRange     '1.3.1',
62 silly addNameRange     '1.3.2',
62 silly addNameRange     '1.3.3',
62 silly addNameRange     '1.3.4',
62 silly addNameRange     '2.2.0',
62 silly addNameRange     '2.2.1',
62 silly addNameRange     '2.2.2',
62 silly addNameRange     '2.2.3',
62 silly addNameRange     '2.2.4',
62 silly addNameRange     '2.2.5',
62 silly addNameRange     '2.3.0',
62 silly addNameRange     '2.3.1',
62 silly addNameRange     '2.3.2',
62 silly addNameRange     '2.3.3',
62 silly addNameRange     '2.3.4',
62 silly addNameRange     '2.3.5',
62 silly addNameRange     '2.3.6',
62 silly addNameRange     '1.3.5',
62 silly addNameRange     '2.4.0',
62 silly addNameRange     '2.4.1',
62 silly addNameRange     '2.4.2',
62 silly addNameRange     '2.4.3',
62 silly addNameRange     '2.4.4',
62 silly addNameRange     '2.4.5',
62 silly addNameRange     '2.4.6',
62 silly addNameRange     '2.4.7',
62 silly addNameRange     '2.4.8',
62 silly addNameRange     '2.4.9',
62 silly addNameRange     '2.4.10',
62 silly addNameRange     '2.4.11',
62 silly addNameRange     '2.4.12',
62 silly addNameRange     '2.4.13',
62 silly addNameRange     '2.4.14',
62 silly addNameRange     '2.4.15',
62 silly addNameRange     '2.4.16',
62 silly addNameRange     '2.4.17',
62 silly addNameRange     '2.4.18',
62 silly addNameRange     '2.4.19',
62 silly addNameRange     '2.4.20',
62 silly addNameRange     '2.4.21',
62 silly addNameRange     '2.4.22',
62 silly addNameRange     '2.4.23',
62 silly addNameRange     '2.4.24',
62 silly addNameRange     '2.5.0',
62 silly addNameRange     '2.6.0',
62 silly addNameRange     '2.6.1',
62 silly addNameRange     '2.6.2' ] ]
63 verbose addNamed [ 'uglify-js', '2.6.2' ]
64 verbose addNamed [ '2.6.2', '2.6.2' ]
65 silly lockFile 11e2943f-uglify-js-2-6-2 uglify-js@2.6.2
66 verbose lock uglify-js@2.6.2 /home/devon/.npm/11e2943f-uglify-js-2-6-2.lock
67 http GET https://registry.npmjs.org/less/-/less-2.6.1.tgz
68 silly lockFile 99e335ab-rg-uglify-js-uglify-js-2-6-2-tgz https://registry.npmjs.org/uglify-js/-/uglify-js-2.6.2.tgz
69 verbose lock https://registry.npmjs.org/uglify-js/-/uglify-js-2.6.2.tgz /home/devon/.npm/99e335ab-rg-uglify-js-uglify-js-2-6-2-tgz.lock
70 verbose addRemoteTarball [ 'https://registry.npmjs.org/uglify-js/-/uglify-js-2.6.2.tgz',
70 verbose addRemoteTarball   'f50be88a42cd396a6251dc52ab372f71cc12fef0' ]
71 info retry fetch attempt 1 at 15:29:23
72 verbose fetch to= /tmp/npm-18332-vvatO2FB/registry.npmjs.org/uglify-js/-/uglify-js-2.6.2.tgz
73 http GET https://registry.npmjs.org/uglify-js/-/uglify-js-2.6.2.tgz
74 http 200 https://registry.npmjs.org/uglify-js/-/uglify-js-2.6.2.tgz
75 http 200 https://registry.npmjs.org/less/-/less-2.6.1.tgz
76 silly lockFile 99e335ab-rg-uglify-js-uglify-js-2-6-2-tgz https://registry.npmjs.org/uglify-js/-/uglify-js-2.6.2.tgz
77 silly lockFile 99e335ab-rg-uglify-js-uglify-js-2-6-2-tgz https://registry.npmjs.org/uglify-js/-/uglify-js-2.6.2.tgz
78 silly lockFile 11e2943f-uglify-js-2-6-2 uglify-js@2.6.2
79 silly lockFile 11e2943f-uglify-js-2-6-2 uglify-js@2.6.2
80 silly lockFile 679a1028-uglify-js uglify-js@
81 silly lockFile 679a1028-uglify-js uglify-js@
82 silly lockFile 5095d0b3-ry-npmjs-org-less-less-2-6-1-tgz https://registry.npmjs.org/less/-/less-2.6.1.tgz
83 silly lockFile 5095d0b3-ry-npmjs-org-less-less-2-6-1-tgz https://registry.npmjs.org/less/-/less-2.6.1.tgz
84 silly lockFile 06e2534e-less-2-6-1 less@2.6.1
85 silly lockFile 06e2534e-less-2-6-1 less@2.6.1
86 silly lockFile e13833ab-less less@
87 silly lockFile e13833ab-less less@
88 silly resolved [ { name: 'uglify-js',
88 silly resolved     description: 'JavaScript parser, mangler/compressor and beautifier toolkit',
88 silly resolved     homepage: 'http://lisperator.net/uglifyjs',
88 silly resolved     author:
88 silly resolved      { name: 'Mihai Bazon',
88 silly resolved        email: 'mihai.bazon@gmail.com',
88 silly resolved        url: 'http://lisperator.net/' },
88 silly resolved     license: 'BSD-2-Clause',
88 silly resolved     version: '2.6.2',
88 silly resolved     engines: { node: '>=0.8.0' },
88 silly resolved     maintainers: [ [Object], [Object], [Object] ],
88 silly resolved     repository: { type: 'git', url: 'https://github.com/mishoo/UglifyJS2.git' },
88 silly resolved     bugs: { url: 'https://github.com/mishoo/UglifyJS2/issues' },
88 silly resolved     main: 'tools/node.js',
88 silly resolved     bin: { uglifyjs: 'bin/uglifyjs' },
88 silly resolved     files: [ 'bin', 'lib', 'tools', 'LICENSE' ],
88 silly resolved     dependencies:
88 silly resolved      { async: '~0.2.6',
88 silly resolved        'source-map': '~0.5.1',
88 silly resolved        'uglify-to-browserify': '~1.0.0',
88 silly resolved        yargs: '~3.10.0' },
88 silly resolved     devDependencies:
88 silly resolved      { acorn: '~0.6.0',
88 silly resolved        escodegen: '~1.3.3',
88 silly resolved        esfuzz: '~0.3.1',
88 silly resolved        estraverse: '~1.5.1',
88 silly resolved        mocha: '~2.3.4' },
88 silly resolved     browserify: { transform: [Object] },
88 silly resolved     scripts:
88 silly resolved      { shrinkwrap: 'rm ./npm-shrinkwrap.json; rm -rf ./node_modules; npm i && npm shrinkwrap && npm outdated',
88 silly resolved        test: 'node test/run-tests.js' },
88 silly resolved     keywords: [ 'uglify', 'uglify-js', 'minify', 'minifier' ],
88 silly resolved     gitHead: '294861ba96aaf61591e2158c9e9ffad50f58625d',
88 silly resolved     _id: 'uglify-js@2.6.2',
88 silly resolved     _shasum: 'f50be88a42cd396a6251dc52ab372f71cc12fef0',
88 silly resolved     _from: 'uglify-js@',
88 silly resolved     _npmVersion: '3.6.0',
88 silly resolved     _nodeVersion: '5.6.0',
88 silly resolved     _npmUser: { name: 'mishoo', email: 'mihai.bazon@gmail.com' },
88 silly resolved     dist:
88 silly resolved      { shasum: 'f50be88a42cd396a6251dc52ab372f71cc12fef0',
88 silly resolved        tarball: 'http://registry.npmjs.org/uglify-js/-/uglify-js-2.6.2.tgz' },
88 silly resolved     _npmOperationalInternal:
88 silly resolved      { host: 'packages-9-west.internal.npmjs.com',
88 silly resolved        tmp: 'tmp/uglify-js-2.6.2.tgz_1456170007109_0.7073737715836614' },
88 silly resolved     directories: {},
88 silly resolved     _resolved: 'https://registry.npmjs.org/uglify-js/-/uglify-js-2.6.2.tgz' },
88 silly resolved   { name: 'less',
88 silly resolved     version: '2.6.1',
88 silly resolved     description: 'Leaner CSS',
88 silly resolved     homepage: 'http://lesscss.org',
88 silly resolved     author: { name: 'Alexis Sellier', email: 'self@cloudhead.net' },
88 silly resolved     contributors: [ [Object] ],
88 silly resolved     bugs: { url: 'https://github.com/less/less.js/issues' },
88 silly resolved     repository: { type: 'git', url: 'git+https://github.com/less/less.js.git' },
88 silly resolved     license: 'Apache-2.0',
88 silly resolved     bin: { lessc: './bin/lessc' },
88 silly resolved     main: 'index',
88 silly resolved     directories: { test: './test' },
88 silly resolved     jam: { main: './dist/less.js' },
88 silly resolved     browser: './dist/less.js',
88 silly resolved     engines: { node: '>=0.10.0' },
88 silly resolved     scripts: { test: 'grunt test' },
88 silly resolved     optionalDependencies:
88 silly resolved      { errno: '^0.1.1',
88 silly resolved        'graceful-fs': '^4.1.2',
88 silly resolved        'image-size': '~0.4.0',
88 silly resolved        mime: '^1.2.11',
88 silly resolved        mkdirp: '^0.5.0',
88 silly resolved        promise: '^7.1.1',
88 silly resolved        request: '^2.51.0',
88 silly resolved        'source-map': '^0.5.3' },
88 silly resolved     devDependencies:
88 silly resolved      { diff: '^2.2.1',
88 silly resolved        grunt: '^0.4.5',
88 silly resolved        'grunt-contrib-clean': '^1.0.0',
88 silly resolved        'grunt-contrib-concat': '^1.0.0',
88 silly resolved        'grunt-contrib-connect': '^0.11.2',
88 silly resolved        'grunt-contrib-jasmine': '^1.0.0',
88 silly resolved        'grunt-contrib-jshint': '^1.0.0',
88 silly resolved        'grunt-contrib-uglify': '^0.11.0',
88 silly resolved        'grunt-jscs': '^2.7.0',
88 silly resolved        'grunt-shell': '^1.1.1',
88 silly resolved        'grunt-browserify': '~4.0.1',
88 silly resolved        'jit-grunt': '^0.9.1',
88 silly resolved        'time-grunt': '^1.0.0',
88 silly resolved        'grunt-saucelabs': '^8.3.2' },
88 silly resolved     keywords:
88 silly resolved      [ 'compile less',
88 silly resolved        'css nesting',
88 silly resolved        'css variable',
88 silly resolved        'css',
88 silly resolved        'gradients css',
88 silly resolved        'gradients css3',
88 silly resolved        'less compiler',
88 silly resolved        'less css',
88 silly resolved        'less mixins',
88 silly resolved        'less',
88 silly resolved        'less.js',
88 silly resolved        'lesscss',
88 silly resolved        'mixins',
88 silly resolved        'nested css',
88 silly resolved        'parser',
88 silly resolved        'preprocessor',
88 silly resolved        'bootstrap css',
88 silly resolved        'bootstrap less',
88 silly resolved        'style',
88 silly resolved        'styles',
88 silly resolved        'stylesheet',
88 silly resolved        'variables in css',
88 silly resolved        'css less' ],
88 silly resolved     gitHead: 'b550b2081f0af3b8905d31a2a03f595ad7b299a8',
88 silly resolved     dependencies:
88 silly resolved      { errno: '^0.1.1',
88 silly resolved        'graceful-fs': '^4.1.2',
88 silly resolved        'image-size': '~0.4.0',
88 silly resolved        mime: '^1.2.11',
88 silly resolved        mkdirp: '^0.5.0',
88 silly resolved        promise: '^7.1.1',
88 silly resolved        request: '^2.51.0',
88 silly resolved        'source-map': '^0.5.3' },
88 silly resolved     _id: 'less@2.6.1',
88 silly resolved     _shasum: '658e01ec9ac3149959c6b6dfbcfbc0a170afda7a',
88 silly resolved     _from: 'less@',
88 silly resolved     _npmVersion: '3.6.0',
88 silly resolved     _nodeVersion: '5.4.1',
88 silly resolved     _npmUser: { name: 'matthew-dean', email: 'matthewdean.me@gmail.com' },
88 silly resolved     dist:
88 silly resolved      { shasum: '658e01ec9ac3149959c6b6dfbcfbc0a170afda7a',
88 silly resolved        tarball: 'http://registry.npmjs.org/less/-/less-2.6.1.tgz' },
88 silly resolved     maintainers: [ [Object], [Object], [Object], [Object], [Object] ],
88 silly resolved     _npmOperationalInternal:
88 silly resolved      { host: 'packages-13-west.internal.npmjs.com',
88 silly resolved        tmp: 'tmp/less-2.6.1.tgz_1457109575213_0.41725030448287725' },
88 silly resolved     _resolved: 'https://registry.npmjs.org/less/-/less-2.6.1.tgz' } ]
89 info install uglify-js@2.6.2 into /usr/lib
90 info install less@2.6.1 into /usr/lib
91 info installOne uglify-js@2.6.2
92 info installOne less@2.6.1
93 verbose lib/node_modules/uglify-js unbuild
94 verbose lib/node_modules/less unbuild
95 verbose tar unpack /home/devon/.npm/uglify-js/2.6.2/package.tgz
96 silly lockFile d60c1aca-r-usr-lib-node-modules-uglify-js tar:///usr/lib/node_modules/uglify-js
97 verbose lock tar:///usr/lib/node_modules/uglify-js /home/devon/.npm/d60c1aca-r-usr-lib-node-modules-uglify-js.lock
98 silly lockFile 1858abb6--npm-uglify-js-2-6-2-package-tgz tar:///home/devon/.npm/uglify-js/2.6.2/package.tgz
99 verbose lock tar:///home/devon/.npm/uglify-js/2.6.2/package.tgz /home/devon/.npm/1858abb6--npm-uglify-js-2-6-2-package-tgz.lock
100 verbose tar unpack /home/devon/.npm/less/2.6.1/package.tgz
101 silly lockFile c07f1dd4-tar-usr-lib-node-modules-less tar:///usr/lib/node_modules/less
102 verbose lock tar:///usr/lib/node_modules/less /home/devon/.npm/c07f1dd4-tar-usr-lib-node-modules-less.lock
103 silly lockFile 218a597f-devon-npm-less-2-6-1-package-tgz tar:///home/devon/.npm/less/2.6.1/package.tgz
104 verbose lock tar:///home/devon/.npm/less/2.6.1/package.tgz /home/devon/.npm/218a597f-devon-npm-less-2-6-1-package-tgz.lock
105 silly gunzTarPerm modes [ '775', '664' ]
106 silly gunzTarPerm modes [ '775', '664' ]
107 error Error: EACCES, mkdir '/usr/lib/node_modules/uglify-js'
107 error  { [Error: EACCES, mkdir '/usr/lib/node_modules/uglify-js']
107 error   errno: 3,
107 error   code: 'EACCES',
107 error   path: '/usr/lib/node_modules/uglify-js',
107 error   fstream_type: 'Directory',
107 error   fstream_path: '/usr/lib/node_modules/uglify-js',
107 error   fstream_class: 'DirWriter',
107 error   fstream_stack:
107 error    [ '/usr/lib/node_modules/npm/node_modules/fstream/lib/dir-writer.js:36:23',
107 error      '/usr/lib/node_modules/npm/node_modules/mkdirp/index.js:46:53',
107 error      'Object.oncomplete (fs.js:108:15)' ] }
108 error Please try running this command again as root/Administrator.
109 error System Linux 3.13.0-52-generic
110 error command "/usr/bin/node" "/usr/bin/npm" "install" "-g" "less" "uglify-js"
111 error cwd /home/devon/dwells
112 error node -v v0.10.37
113 error npm -v 1.4.28
114 error path /usr/lib/node_modules/uglify-js
115 error fstream_path /usr/lib/node_modules/uglify-js
116 error fstream_type Directory
117 error fstream_class DirWriter
118 error code EACCES
119 error errno 3
120 error stack Error: EACCES, mkdir '/usr/lib/node_modules/uglify-js'
121 error fstream_stack /usr/lib/node_modules/npm/node_modules/fstream/lib/dir-writer.js:36:23
121 error fstream_stack /usr/lib/node_modules/npm/node_modules/mkdirp/index.js:46:53
121 error fstream_stack Object.oncomplete (fs.js:108:15)
122 verbose exit [ 3, true ]
